<?xml version="1.0" encoding="UTF-8"?>
<!-- Generated by org.testng.reporters.JUnitReportReporter -->
<testsuite hostname="Akshaya" failures="0" tests="1" name="Tests.LoginTest" time="12.251" errors="0" timestamp="29 Nov 2024 09:00:09 GMT" skipped="0">
  <testcase classname="Tests.LoginTest" name="verifyInvalidLogin" time="12.251"/>
</testsuite> <!-- Tests.LoginTest -->
